<?xml version="1.0" encoding="utf-8"?>
<!DOCTYPE loctimesheets>
<loctimesheets>
  <timesheets>
    <timesheet index="00001" year="2014" week="1" file="/home/kdabhome/timesheets/timesheet-webupload" originalfile="WeeklyTimeSheet-2014-01" status="1" total="0"></timesheet>
  </timesheets>
</loctimesheets>
